2026-05-18 12:40:03,944 - WARNING - fabric_cicd - Log level 'INFO' not supported.  Only DEBUG is supported at this time. No changes made.
2026-05-18 12:40:05,167 - INFO - fabric_cicd._common._validate_input - Relative directory path '.' resolved as 'C:\Users\samarth.kadam\dev\Notebooks'
2026-05-18 12:40:05,317 - INFO - fabric_cicd.fabric_workspace - 
2026-05-18 12:40:05,317 - INFO - fabric_cicd.fabric_workspace - [32m[1m####################################################################################################[0m
2026-05-18 12:40:05,317 - INFO - fabric_cicd.fabric_workspace - [32m[1m########## Validating Parameter File ###############################################################[0m
2026-05-18 12:40:05,317 - INFO - fabric_cicd.fabric_workspace - [32m[1m####################################################################################################[0m
2026-05-18 12:40:05,317 - INFO - fabric_cicd.fabric_workspace - 
2026-05-18 12:40:05,317 - WARNING - fabric_cicd._parameter._parameter - Parameter file not found with path: C:\Users\samarth.kadam\dev\Notebooks\parameter.yml
2026-05-18 12:40:05,317 - WARNING - fabric_cicd._parameter._parameter - Validation terminated: not found
2026-05-18 12:40:08,001 - INFO - fabric_cicd.fabric_workspace - 
2026-05-18 12:40:08,002 - INFO - fabric_cicd.fabric_workspace - [32m[1m####################################################################################################[0m
2026-05-18 12:40:08,002 - INFO - fabric_cicd.fabric_workspace - [32m[1m########## Publishing Workspace Folders ############################################################[0m
2026-05-18 12:40:08,002 - INFO - fabric_cicd.fabric_workspace - [32m[1m####################################################################################################[0m
2026-05-18 12:40:08,003 - INFO - fabric_cicd.fabric_workspace - 
2026-05-18 12:40:08,003 - INFO - fabric_cicd.fabric_workspace - Publishing Workspace Folders
2026-05-18 12:40:08,003 - INFO - fabric_cicd.fabric_workspace - ->Published
2026-05-18 12:40:15,755 - INFO - fabric_cicd.publish - 
2026-05-18 12:40:15,755 - INFO - fabric_cicd.publish - [32m[1m####################################################################################################[0m
2026-05-18 12:40:15,755 - INFO - fabric_cicd.publish - [32m[1m########## Publishing Item 10/26: Notebook #########################################################[0m
2026-05-18 12:40:15,755 - INFO - fabric_cicd.publish - [32m[1m####################################################################################################[0m
2026-05-18 12:40:15,755 - INFO - fabric_cicd.publish - 
2026-05-18 12:40:15,916 - INFO - fabric_cicd.fabric_workspace - Publishing Notebook 'bronze_tables'
2026-05-18 12:40:15,916 - INFO - fabric_cicd.fabric_workspace - Publishing Notebook 'silver_sales'
2026-05-18 12:40:22,482 - INFO - fabric_cicd.fabric_workspace - ->Published Notebook 'bronze_tables'
2026-05-18 12:40:23,026 - INFO - fabric_cicd.fabric_workspace - ->Published Notebook 'silver_sales'
